<?xml version="1.0" encoding="UTF-8" standalone="yes"?><!DOCTYPE report PUBLIC "-//JACOCO//DTD Report 1.1//EN" "report.dtd"><report name="student"><sessioninfo id="eng117-bb6915ef" start="1582803157417" dump="1582803158225"/><sessioninfo id="eng117-4347a512" start="1582804004695" dump="1582804005537"/><sessioninfo id="eng117-e601668f" start="1582804060963" dump="1582804061864"/><sessioninfo id="eng117-17406f7f" start="1582804123188" dump="1582804124014"/><sessioninfo id="eng117-de0f07f" start="1582804198953" dump="1582804199709"/><sessioninfo id="eng117-a05cd775" start="1582804326133" dump="1582804326953"/><sessioninfo id="eng117-a70207b" start="1582804399229" dump="1582804400047"/><sessioninfo id="eng117-a7ea6388" start="1582804423109" dump="1582804423946"/><sessioninfo id="eng117-b1bf1c29" start="1582804486321" dump="1582804487151"/><sessioninfo id="eng117-417a58d2" start="1582804523179" dump="1582804523962"/><sessioninfo id="eng117-222dbd2" start="1582804719811" dump="1582804720647"/><sessioninfo id="eng117-92256de9" start="1582804912998" dump="1582804913744"/><sessioninfo id="DESKTOP-FN5KBO1-56bae4dd" start="1582886825143" dump="1582886827057"/><sessioninfo id="DESKTOP-FN5KBO1-cc729755" start="1582887481563" dump="1582887482673"/><sessioninfo id="DESKTOP-FN5KBO1-7380dee7" start="1582887739997" dump="1582887741295"/><sessioninfo id="DESKTOP-FN5KBO1-5029bb60" start="1582888345892" dump="1582888347059"/><sessioninfo id="DESKTOP-FN5KBO1-6a098b61" start="1582888516926" dump="1582888518118"/><sessioninfo id="DESKTOP-FN5KBO1-8d99ec0c" start="1582888644464" dump="1582888645604"/><sessioninfo id="DESKTOP-FN5KBO1-a664ecd1" start="1582888877297" dump="1582888878506"/><sessioninfo id="DESKTOP-FN5KBO1-ef4d65f5" start="1582889047784" dump="1582889049049"/><sessioninfo id="DESKTOP-FN5KBO1-3c51a9ad" start="1583393226578" dump="1583393227742"/><sessioninfo id="DESKTOP-FN5KBO1-e1215487" start="1583393670127" dump="1583393671299"/><sessioninfo id="DESKTOP-FN5KBO1-366e1bf0" start="1583394351212" dump="1583394352320"/><package name="ie/gmit"><class name="ie/gmit/StudentList" sourcefilename="StudentList.java"><method name="&lt;init&gt;" desc="()V" line="9"><counter type="INSTRUCTION" missed="0" covered="8"/><counter type="LINE" missed="0" covered="3"/><counter type="COMPLEXITY" missed="0" covered="1"/><counter type="METHOD" missed="0" covered="1"/></method><method name="addStudentToList" desc="(Lie/gmit/Student;)Ljava/lang/Boolean;" line="15"><counter type="INSTRUCTION" missed="0" covered="11"/><counter type="LINE" missed="0" covered="2"/><counter type="COMPLEXITY" missed="0" covered="1"/><counter type="METHOD" missed="0" covered="1"/></method><method name="searchStudentInList" desc="(Ljava/lang/String;)Ljava/lang/Boolean;" line="20"><counter type="INSTRUCTION" missed="0" covered="22"/><counter type="BRANCH" missed="0" covered="2"/><counter type="LINE" missed="0" covered="5"/><counter type="COMPLEXITY" missed="0" covered="2"/><counter type="METHOD" missed="0" covered="1"/></method><method name="getStudentList" desc="()Ljava/util/ArrayList;" line="28"><counter type="INSTRUCTION" missed="0" covered="3"/><counter type="LINE" missed="0" covered="1"/><counter type="COMPLEXITY" missed="0" covered="1"/><counter type="METHOD" missed="0" covered="1"/></method><counter type="INSTRUCTION" missed="0" covered="44"/><counter type="BRANCH" missed="0" covered="2"/><counter type="LINE" missed="0" covered="11"/><counter type="COMPLEXITY" missed="0" covered="5"/><counter type="METHOD" missed="0" covered="4"/><counter type="CLASS" missed="0" covered="1"/></class><class name="ie/gmit/Student" sourcefilename="Student.java"><method name="&lt;init&gt;" desc="()V" line="9"><counter type="INSTRUCTION" missed="0" covered="9"/><counter type="LINE" missed="0" covered="4"/><counter type="COMPLEXITY" missed="0" covered="1"/><counter type="METHOD" missed="0" covered="1"/></method><method name="&lt;init&gt;" desc="(Ljava/lang/String;Ljava/lang/String;)V" line="15"><counter type="INSTRUCTION" missed="0" covered="20"/><counter type="BRANCH" missed="0" covered="4"/><counter type="LINE" missed="0" covered="6"/><counter type="COMPLEXITY" missed="0" covered="3"/><counter type="METHOD" missed="0" covered="1"/></method><method name="getName" desc="()Ljava/lang/String;" line="25"><counter type="INSTRUCTION" missed="0" covered="3"/><counter type="LINE" missed="0" covered="1"/><counter type="COMPLEXITY" missed="0" covered="1"/><counter type="METHOD" missed="0" covered="1"/></method><method name="getEmail" desc="()Ljava/lang/String;" line="30"><counter type="INSTRUCTION" missed="0" covered="3"/><counter type="LINE" missed="0" covered="1"/><counter type="COMPLEXITY" missed="0" covered="1"/><counter type="METHOD" missed="0" covered="1"/></method><counter type="INSTRUCTION" missed="0" covered="35"/><counter type="BRANCH" missed="0" covered="4"/><counter type="LINE" missed="0" covered="12"/><counter type="COMPLEXITY" missed="0" covered="6"/><counter type="METHOD" missed="0" covered="4"/><counter type="CLASS" missed="0" covered="1"/></class><sourcefile name="Student.java"><line nr="9" mi="0" ci="2" mb="0" cb="0"/><line nr="10" mi="0" ci="3" mb="0" cb="0"/><line nr="11" mi="0" ci="3" mb="0" cb="0"/><line nr="12" mi="0" ci="1" mb="0" cb="0"/><line nr="15" mi="0" ci="2" mb="0" cb="0"/><line nr="16" mi="0" ci="6" mb="0" cb="4"/><line nr="17" mi="0" ci="5" mb="0" cb="0"/><line nr="19" mi="0" ci="3" mb="0" cb="0"/><line nr="20" mi="0" ci="3" mb="0" cb="0"/><line nr="22" mi="0" ci="1" mb="0" cb="0"/><line nr="25" mi="0" ci="3" mb="0" cb="0"/><line nr="30" mi="0" ci="3" mb="0" cb="0"/><counter type="INSTRUCTION" missed="0" covered="35"/><counter type="BRANCH" missed="0" covered="4"/><counter type="LINE" missed="0" covered="12"/><counter type="COMPLEXITY" missed="0" covered="6"/><counter type="METHOD" missed="0" covered="4"/><counter type="CLASS" missed="0" covered="1"/></sourcefile><sourcefile name="StudentList.java"><line nr="9" mi="0" ci="2" mb="0" cb="0"/><line nr="10" mi="0" ci="5" mb="0" cb="0"/><line nr="11" mi="0" ci="1" mb="0" cb="0"/><line nr="15" mi="0" ci="5" mb="0" cb="0"/><line nr="16" mi="0" ci="6" mb="0" cb="0"/><line nr="20" mi="0" ci="2" mb="0" cb="0"/><line nr="21" mi="0" ci="11" mb="0" cb="2"/><line nr="22" mi="0" ci="5" mb="0" cb="0"/><line nr="23" mi="0" ci="1" mb="0" cb="0"/><line nr="24" mi="0" ci="3" mb="0" cb="0"/><line nr="28" mi="0" ci="3" mb="0" cb="0"/><counter type="INSTRUCTION" missed="0" covered="44"/><counter type="BRANCH" missed="0" covered="2"/><counter type="LINE" missed="0" covered="11"/><counter type="COMPLEXITY" missed="0" covered="5"/><counter type="METHOD" missed="0" covered="4"/><counter type="CLASS" missed="0" covered="1"/></sourcefile><counter type="INSTRUCTION" missed="0" covered="79"/><counter type="BRANCH" missed="0" covered="6"/><counter type="LINE" missed="0" covered="23"/><counter type="COMPLEXITY" missed="0" covered="11"/><counter type="METHOD" missed="0" covered="8"/><counter type="CLASS" missed="0" covered="2"/></package><counter type="INSTRUCTION" missed="0" covered="79"/><counter type="BRANCH" missed="0" covered="6"/><counter type="LINE" missed="0" covered="23"/><counter type="COMPLEXITY" missed="0" covered="11"/><counter type="METHOD" missed="0" covered="8"/><counter type="CLASS" missed="0" covered="2"/></report>